  Shapes.cpp
C:\Users\vladimir75vov\Desktop\  \Project\GitHub\Vladimir_Budaev_195\OpenCV\Shapes\Shapes\Shapes.cpp(22,10): warning C4566: character represented by universal-character-name '\u0412' cannot be represented in the current code page (1252)
C:\Users\vladimir75vov\Desktop\  \Project\GitHub\Vladimir_Budaev_195\OpenCV\Shapes\Shapes\Shapes.cpp(22,10): warning C4566: character represented by universal-character-name '\u0432' cannot be represented in the current code page (1252)
C:\Users\vladimir75vov\Desktop\  \Project\GitHub\Vladimir_Budaev_195\OpenCV\Shapes\Shapes\Shapes.cpp(22,10): warning C4566: character represented by universal-character-name '\u0435' cannot be represented in the current code page (1252)
C:\Users\vladimir75vov\Desktop\  \Project\GitHub\Vladimir_Budaev_195\OpenCV\Shapes\Shapes\Shapes.cpp(22,10): warning C4566: character represented by universal-character-name '\u0434' cannot be represented in the current code page (1252)
C:\Users\vladimir75vov\Desktop\  \Project\GitHub\Vladimir_Budaev_195\OpenCV\Shapes\Shapes\Shapes.cpp(22,10): warning C4566: character represented by universal-character-name '\u0438' cannot be represented in the current code page (1252)
C:\Users\vladimir75vov\Desktop\  \Project\GitHub\Vladimir_Budaev_195\OpenCV\Shapes\Shapes\Shapes.cpp(22,10): warning C4566: character represented by universal-character-name '\u0442' cannot be represented in the current code page (1252)
C:\Users\vladimir75vov\Desktop\  \Project\GitHub\Vladimir_Budaev_195\OpenCV\Shapes\Shapes\Shapes.cpp(22,10): warning C4566: character represented by universal-character-name '\u043D' cannot be represented in the current code page (1252)
C:\Users\vladimir75vov\Desktop\  \Project\GitHub\Vladimir_Budaev_195\OpenCV\Shapes\Shapes\Shapes.cpp(22,10): warning C4566: character represented by universal-character-name '\u0430' cannot be represented in the current code page (1252)
C:\Users\vladimir75vov\Desktop\  \Project\GitHub\Vladimir_Budaev_195\OpenCV\Shapes\Shapes\Shapes.cpp(22,10): warning C4566: character represented by universal-character-name '\u0436' cannot be represented in the current code page (1252)
C:\Users\vladimir75vov\Desktop\  \Project\GitHub\Vladimir_Budaev_195\OpenCV\Shapes\Shapes\Shapes.cpp(22,10): warning C4566: character represented by universal-character-name '\u043C' cannot be represented in the current code page (1252)
C:\Users\vladimir75vov\Desktop\  \Project\GitHub\Vladimir_Budaev_195\OpenCV\Shapes\Shapes\Shapes.cpp(26,10): warning C4566: character represented by universal-character-name '\u041E' cannot be represented in the current code page (1252)
C:\Users\vladimir75vov\Desktop\  \Project\GitHub\Vladimir_Budaev_195\OpenCV\Shapes\Shapes\Shapes.cpp(26,10): warning C4566: character represented by universal-character-name '\u0442' cannot be represented in the current code page (1252)
C:\Users\vladimir75vov\Desktop\  \Project\GitHub\Vladimir_Budaev_195\OpenCV\Shapes\Shapes\Shapes.cpp(26,10): warning C4566: character represented by universal-character-name '\u043A' cannot be represented in the current code page (1252)
C:\Users\vladimir75vov\Desktop\  \Project\GitHub\Vladimir_Budaev_195\OpenCV\Shapes\Shapes\Shapes.cpp(26,10): warning C4566: character represented by universal-character-name '\u0440' cannot be represented in the current code page (1252)
C:\Users\vladimir75vov\Desktop\  \Project\GitHub\Vladimir_Budaev_195\OpenCV\Shapes\Shapes\Shapes.cpp(26,10): warning C4566: character represented by universal-character-name '\u044B' cannot be represented in the current code page (1252)
C:\Users\vladimir75vov\Desktop\  \Project\GitHub\Vladimir_Budaev_195\OpenCV\Shapes\Shapes\Shapes.cpp(26,10): warning C4566: character represented by universal-character-name '\u044C' cannot be represented in the current code page (1252)
C:\Users\vladimir75vov\Desktop\  \Project\GitHub\Vladimir_Budaev_195\OpenCV\Shapes\Shapes\Shapes.cpp(26,10): warning C4566: character represented by universal-character-name '\u0444' cannot be represented in the current code page (1252)
C:\Users\vladimir75vov\Desktop\  \Project\GitHub\Vladimir_Budaev_195\OpenCV\Shapes\Shapes\Shapes.cpp(26,10): warning C4566: character represented by universal-character-name '\u0430' cannot be represented in the current code page (1252)
C:\Users\vladimir75vov\Desktop\  \Project\GitHub\Vladimir_Budaev_195\OpenCV\Shapes\Shapes\Shapes.cpp(26,10): warning C4566: character represented by universal-character-name '\u0439' cannot be represented in the current code page (1252)
C:\Users\vladimir75vov\Desktop\  \Project\GitHub\Vladimir_Budaev_195\OpenCV\Shapes\Shapes\Shapes.cpp(26,10): warning C4566: character represented by universal-character-name '\u043B' cannot be represented in the current code page (1252)
C:\Users\vladimir75vov\Desktop\  \Project\GitHub\Vladimir_Budaev_195\OpenCV\Shapes\Shapes\Shapes.cpp(101,10): warning C4566: character represented by universal-character-name '\u0417' cannot be represented in the current code page (1252)
C:\Users\vladimir75vov\Desktop\  \Project\GitHub\Vladimir_Budaev_195\OpenCV\Shapes\Shapes\Shapes.cpp(101,10): warning C4566: character represented by universal-character-name '\u0430' cannot be represented in the current code page (1252)
C:\Users\vladimir75vov\Desktop\  \Project\GitHub\Vladimir_Budaev_195\OpenCV\Shapes\Shapes\Shapes.cpp(101,10): warning C4566: character represented by universal-character-name '\u0434' cannot be represented in the current code page (1252)
C:\Users\vladimir75vov\Desktop\  \Project\GitHub\Vladimir_Budaev_195\OpenCV\Shapes\Shapes\Shapes.cpp(101,10): warning C4566: character represented by universal-character-name '\u0435' cannot be represented in the current code page (1252)
C:\Users\vladimir75vov\Desktop\  \Project\GitHub\Vladimir_Budaev_195\OpenCV\Shapes\Shapes\Shapes.cpp(101,10): warning C4566: character represented by universal-character-name '\u0440' cannot be represented in the current code page (1252)
C:\Users\vladimir75vov\Desktop\  \Project\GitHub\Vladimir_Budaev_195\OpenCV\Shapes\Shapes\Shapes.cpp(101,10): warning C4566: character represented by universal-character-name '\u0436' cannot be represented in the current code page (1252)
C:\Users\vladimir75vov\Desktop\  \Project\GitHub\Vladimir_Budaev_195\OpenCV\Shapes\Shapes\Shapes.cpp(101,10): warning C4566: character represented by universal-character-name '\u043A' cannot be represented in the current code page (1252)
C:\Users\vladimir75vov\Desktop\  \Project\GitHub\Vladimir_Budaev_195\OpenCV\Shapes\Shapes\Shapes.cpp(101,10): warning C4566: character represented by universal-character-name '\u0432' cannot be represented in the current code page (1252)
C:\Users\vladimir75vov\Desktop\  \Project\GitHub\Vladimir_Budaev_195\OpenCV\Shapes\Shapes\Shapes.cpp(101,10): warning C4566: character represented by universal-character-name '\u043C' cannot be represented in the current code page (1252)
C:\Users\vladimir75vov\Desktop\  \Project\GitHub\Vladimir_Budaev_195\OpenCV\Shapes\Shapes\Shapes.cpp(101,10): warning C4566: character represented by universal-character-name '\u0441' cannot be represented in the current code page (1252)
C:\Users\vladimir75vov\Desktop\  \Project\GitHub\Vladimir_Budaev_195\OpenCV\Shapes\Shapes\Shapes.cpp(112,11): warning C4566: character represented by universal-character-name '\u041E' cannot be represented in the current code page (1252)
C:\Users\vladimir75vov\Desktop\  \Project\GitHub\Vladimir_Budaev_195\OpenCV\Shapes\Shapes\Shapes.cpp(112,11): warning C4566: character represented by universal-character-name '\u0448' cannot be represented in the current code page (1252)
C:\Users\vladimir75vov\Desktop\  \Project\GitHub\Vladimir_Budaev_195\OpenCV\Shapes\Shapes\Shapes.cpp(112,11): warning C4566: character represented by universal-character-name '\u0438' cannot be represented in the current code page (1252)
C:\Users\vladimir75vov\Desktop\  \Project\GitHub\Vladimir_Budaev_195\OpenCV\Shapes\Shapes\Shapes.cpp(112,11): warning C4566: character represented by universal-character-name '\u0431' cannot be represented in the current code page (1252)
C:\Users\vladimir75vov\Desktop\  \Project\GitHub\Vladimir_Budaev_195\OpenCV\Shapes\Shapes\Shapes.cpp(112,11): warning C4566: character represented by universal-character-name '\u043A' cannot be represented in the current code page (1252)
C:\Users\vladimir75vov\Desktop\  \Project\GitHub\Vladimir_Budaev_195\OpenCV\Shapes\Shapes\Shapes.cpp(112,11): warning C4566: character represented by universal-character-name '\u0430' cannot be represented in the current code page (1252)
C:\Users\vladimir75vov\Desktop\  \Project\GitHub\Vladimir_Budaev_195\OpenCV\Shapes\Shapes\Shapes.cpp(112,11): warning C4566: character represented by universal-character-name '\u043E' cannot be represented in the current code page (1252)
C:\Users\vladimir75vov\Desktop\  \Project\GitHub\Vladimir_Budaev_195\OpenCV\Shapes\Shapes\Shapes.cpp(112,11): warning C4566: character represented by universal-character-name '\u0442' cannot be represented in the current code page (1252)
C:\Users\vladimir75vov\Desktop\  \Project\GitHub\Vladimir_Budaev_195\OpenCV\Shapes\Shapes\Shapes.cpp(112,11): warning C4566: character represented by universal-character-name '\u0440' cannot be represented in the current code page (1252)
C:\Users\vladimir75vov\Desktop\  \Project\GitHub\Vladimir_Budaev_195\OpenCV\Shapes\Shapes\Shapes.cpp(112,11): warning C4566: character represented by universal-character-name '\u044B' cannot be represented in the current code page (1252)
C:\Users\vladimir75vov\Desktop\  \Project\GitHub\Vladimir_Budaev_195\OpenCV\Shapes\Shapes\Shapes.cpp(112,11): warning C4566: character represented by universal-character-name '\u044F' cannot be represented in the current code page (1252)
C:\Users\vladimir75vov\Desktop\  \Project\GitHub\Vladimir_Budaev_195\OpenCV\Shapes\Shapes\Shapes.cpp(112,11): warning C4566: character represented by universal-character-name '\u0444' cannot be represented in the current code page (1252)
C:\Users\vladimir75vov\Desktop\  \Project\GitHub\Vladimir_Budaev_195\OpenCV\Shapes\Shapes\Shapes.cpp(112,11): warning C4566: character represented by universal-character-name '\u0439' cannot be represented in the current code page (1252)
C:\Users\vladimir75vov\Desktop\  \Project\GitHub\Vladimir_Budaev_195\OpenCV\Shapes\Shapes\Shapes.cpp(112,11): warning C4566: character represented by universal-character-name '\u043B' cannot be represented in the current code page (1252)
C:\Users\vladimir75vov\Desktop\  \Project\GitHub\Vladimir_Budaev_195\OpenCV\Shapes\Shapes\Shapes.cpp(122,10): warning C4566: character represented by universal-character-name '\u0420' cannot be represented in the current code page (1252)
C:\Users\vladimir75vov\Desktop\  \Project\GitHub\Vladimir_Budaev_195\OpenCV\Shapes\Shapes\Shapes.cpp(122,10): warning C4566: character represented by universal-character-name '\u0430' cannot be represented in the current code page (1252)
C:\Users\vladimir75vov\Desktop\  \Project\GitHub\Vladimir_Budaev_195\OpenCV\Shapes\Shapes\Shapes.cpp(122,10): warning C4566: character represented by universal-character-name '\u0441' cannot be represented in the current code page (1252)
C:\Users\vladimir75vov\Desktop\  \Project\GitHub\Vladimir_Budaev_195\OpenCV\Shapes\Shapes\Shapes.cpp(122,10): warning C4566: character represented by universal-character-name '\u043F' cannot be represented in the current code page (1252)
C:\Users\vladimir75vov\Desktop\  \Project\GitHub\Vladimir_Budaev_195\OpenCV\Shapes\Shapes\Shapes.cpp(122,10): warning C4566: character represented by universal-character-name '\u043E' cannot be represented in the current code page (1252)
C:\Users\vladimir75vov\Desktop\  \Project\GitHub\Vladimir_Budaev_195\OpenCV\Shapes\Shapes\Shapes.cpp(122,10): warning C4566: character represented by universal-character-name '\u0437' cannot be represented in the current code page (1252)
C:\Users\vladimir75vov\Desktop\  \Project\GitHub\Vladimir_Budaev_195\OpenCV\Shapes\Shapes\Shapes.cpp(122,10): warning C4566: character represented by universal-character-name '\u043D' cannot be represented in the current code page (1252)
C:\Users\vladimir75vov\Desktop\  \Project\GitHub\Vladimir_Budaev_195\OpenCV\Shapes\Shapes\Shapes.cpp(122,10): warning C4566: character represented by universal-character-name '\u0432' cannot be represented in the current code page (1252)
C:\Users\vladimir75vov\Desktop\  \Project\GitHub\Vladimir_Budaev_195\OpenCV\Shapes\Shapes\Shapes.cpp(122,10): warning C4566: character represented by universal-character-name '\u0438' cannot be represented in the current code page (1252)
C:\Users\vladimir75vov\Desktop\  \Project\GitHub\Vladimir_Budaev_195\OpenCV\Shapes\Shapes\Shapes.cpp(122,10): warning C4566: character represented by universal-character-name '\u0435' cannot be represented in the current code page (1252)
C:\Users\vladimir75vov\Desktop\  \Project\GitHub\Vladimir_Budaev_195\OpenCV\Shapes\Shapes\Shapes.cpp(147,12): warning C4566: character represented by universal-character-name '\u043F' cannot be represented in the current code page (1252)
C:\Users\vladimir75vov\Desktop\  \Project\GitHub\Vladimir_Budaev_195\OpenCV\Shapes\Shapes\Shapes.cpp(147,12): warning C4566: character represented by universal-character-name '\u043E' cannot be represented in the current code page (1252)
C:\Users\vladimir75vov\Desktop\  \Project\GitHub\Vladimir_Budaev_195\OpenCV\Shapes\Shapes\Shapes.cpp(147,12): warning C4566: character represented by universal-character-name '\u0432' cannot be represented in the current code page (1252)
C:\Users\vladimir75vov\Desktop\  \Project\GitHub\Vladimir_Budaev_195\OpenCV\Shapes\Shapes\Shapes.cpp(147,12): warning C4566: character represented by universal-character-name '\u0442' cannot be represented in the current code page (1252)
C:\Users\vladimir75vov\Desktop\  \Project\GitHub\Vladimir_Budaev_195\OpenCV\Shapes\Shapes\Shapes.cpp(147,12): warning C4566: character represented by universal-character-name '\u0440' cannot be represented in the current code page (1252)
C:\Users\vladimir75vov\Desktop\  \Project\GitHub\Vladimir_Budaev_195\OpenCV\Shapes\Shapes\Shapes.cpp(147,12): warning C4566: character represented by universal-character-name '\u0438' cannot be represented in the current code page (1252)
C:\Users\vladimir75vov\Desktop\  \Project\GitHub\Vladimir_Budaev_195\OpenCV\Shapes\Shapes\Shapes.cpp(147,12): warning C4566: character represented by universal-character-name '\u0435' cannot be represented in the current code page (1252)
C:\Users\vladimir75vov\Desktop\  \Project\GitHub\Vladimir_Budaev_195\OpenCV\Shapes\Shapes\Shapes.cpp(147,12): warning C4566: character represented by universal-character-name '\u044B' cannot be represented in the current code page (1252)
C:\Users\vladimir75vov\Desktop\  \Project\GitHub\Vladimir_Budaev_195\OpenCV\Shapes\Shapes\Shapes.cpp(147,12): warning C4566: character represented by universal-character-name '\u043A' cannot be represented in the current code page (1252)
C:\Users\vladimir75vov\Desktop\  \Project\GitHub\Vladimir_Budaev_195\OpenCV\Shapes\Shapes\Shapes.cpp(147,12): warning C4566: character represented by universal-character-name '\u0443' cannot be represented in the current code page (1252)
  Shapes.vcxproj -> C:\Users\vladimir75vov\Desktop\  \Project\GitHub\Vladimir_Budaev_195\OpenCV\Shapes\x64\Debug\Shapes.exe
